{
  "stats": {
    "suites": 1,
    "tests": 6,
    "passes": 6,
    "pending": 0,
    "failures": 0,
    "start": "2024-04-10T18:22:03.380Z",
    "end": "2024-04-10T18:27:03.754Z",
    "duration": 300374,
    "testsRegistered": 6,
    "passPercent": 100,
    "pendingPercent": 0,
    "other": 0,
    "hasOther": false,
    "skipped": 0,
    "hasSkipped": false
  },
  "results": [
    {
      "uuid": "b6c58ad0-2b8a-48ca-96da-c58240c0662f",
      "title": "",
      "fullFile": "C:\\Users\\genca\\OneDrive\\Documentos\\Developers-Proyects\\Selenium automatitation\\test\\realTest.js",
      "file": "\\test\\realTest.js",
      "beforeHooks": [],
      "afterHooks": [],
      "tests": [],
      "suites": [
        {
          "uuid": "faedfd08-bbc5-42c0-bdef-d137b8a467b5",
          "title": "test selenium",
          "fullFile": "C:\\Users\\genca\\OneDrive\\Documentos\\Developers-Proyects\\Selenium automatitation\\test\\realTest.js",
          "file": "\\test\\realTest.js",
          "beforeHooks": [],
          "afterHooks": [],
          "tests": [
            {
              "title": "Login Success",
              "fullTitle": "test selenium Login Success",
              "timedOut": false,
              "duration": 15742,
              "state": "passed",
              "speed": "slow",
              "pass": true,
              "fail": false,
              "pending": false,
              "context": null,
              "code": "const result = await LoginSuccess();\nexpect(result).to.be.true;",
              "err": {},
              "uuid": "1a01c9b0-5221-424a-92a4-bd08f55c333b",
              "parentUUID": "faedfd08-bbc5-42c0-bdef-d137b8a467b5",
              "isHook": false,
              "skipped": false
            },
            {
              "title": "Login Fail",
              "fullTitle": "test selenium Login Fail",
              "timedOut": false,
              "duration": 16067,
              "state": "passed",
              "speed": "slow",
              "pass": true,
              "fail": false,
              "pending": false,
              "context": null,
              "code": "const result = await LoginFail();\nexpect(result).to.be.true;",
              "err": {},
              "uuid": "98223f6b-2d6c-4a9d-97c5-347af6029d53",
              "parentUUID": "faedfd08-bbc5-42c0-bdef-d137b8a467b5",
              "isHook": false,
              "skipped": false
            },
            {
              "title": "My Events",
              "fullTitle": "test selenium My Events",
              "timedOut": false,
              "duration": 55877,
              "state": "passed",
              "speed": "slow",
              "pass": true,
              "fail": false,
              "pending": false,
              "context": null,
              "code": "const result = await MyEvents();\nexpect(result).to.be.true;",
              "err": {},
              "uuid": "2ba40f3b-fc75-43c6-bfae-f12a5a0168bd",
              "parentUUID": "faedfd08-bbc5-42c0-bdef-d137b8a467b5",
              "isHook": false,
              "skipped": false
            },
            {
              "title": "My Notifications",
              "fullTitle": "test selenium My Notifications",
              "timedOut": false,
              "duration": 73414,
              "state": "passed",
              "speed": "slow",
              "pass": true,
              "fail": false,
              "pending": false,
              "context": null,
              "code": "const result = await MyNotifications();\nexpect(result).to.be.true;",
              "err": {},
              "uuid": "f968e6a7-7d96-45f3-b999-7be5d47620d6",
              "parentUUID": "faedfd08-bbc5-42c0-bdef-d137b8a467b5",
              "isHook": false,
              "skipped": false
            },
            {
              "title": "My Red",
              "fullTitle": "test selenium My Red",
              "timedOut": false,
              "duration": 57810,
              "state": "passed",
              "speed": "slow",
              "pass": true,
              "fail": false,
              "pending": false,
              "context": null,
              "code": "const result = await MyRed();\nexpect(result).to.be.true;",
              "err": {},
              "uuid": "c0babaee-64f2-4b58-a61f-c1cdee9c1803",
              "parentUUID": "faedfd08-bbc5-42c0-bdef-d137b8a467b5",
              "isHook": false,
              "skipped": false
            },
            {
              "title": "My Requests",
              "fullTitle": "test selenium My Requests",
              "timedOut": false,
              "duration": 81421,
              "state": "passed",
              "speed": "slow",
              "pass": true,
              "fail": false,
              "pending": false,
              "context": null,
              "code": "const result = await MyRequests();\nexpect(result).to.be.true;",
              "err": {},
              "uuid": "c9b66bac-b8ef-4646-bf4e-d6ed476db634",
              "parentUUID": "faedfd08-bbc5-42c0-bdef-d137b8a467b5",
              "isHook": false,
              "skipped": false
            }
          ],
          "suites": [],
          "passes": [
            "1a01c9b0-5221-424a-92a4-bd08f55c333b",
            "98223f6b-2d6c-4a9d-97c5-347af6029d53",
            "2ba40f3b-fc75-43c6-bfae-f12a5a0168bd",
            "f968e6a7-7d96-45f3-b999-7be5d47620d6",
            "c0babaee-64f2-4b58-a61f-c1cdee9c1803",
            "c9b66bac-b8ef-4646-bf4e-d6ed476db634"
          ],
          "failures": [],
          "pending": [],
          "skipped": [],
          "duration": 300331,
          "root": false,
          "rootEmpty": false,
          "_timeout": 0
        }
      ],
      "passes": [],
      "failures": [],
      "pending": [],
      "skipped": [],
      "duration": 0,
      "root": true,
      "rootEmpty": true,
      "_timeout": 0
    }
  ],
  "meta": {
    "mocha": {
      "version": "10.4.0"
    },
    "mochawesome": {
      "options": {
        "quiet": false,
        "reportFilename": "mochawesome",
        "saveHtml": true,
        "saveJson": true,
        "consoleReporter": "spec",
        "useInlineDiffs": false,
        "code": true
      },
      "version": "7.1.3"
    },
    "marge": {
      "options": null,
      "version": "6.2.0"
    }
  }
}